<?xml version="1.0" encoding="UTF-8"?>
<!-- Generated by org.testng.reporters.JUnitReportReporter -->
<testsuite hostname="LAPTOP-2GE403D0" failures="0" tests="1" name="Academy.HomePage" time="0.065" errors="0" timestamp="2 Apr 2021 18:33:27 GMT">
  <testcase classname="Academy.HomePage" name="validateAppnavbar" time="0.065"/>
</testsuite> <!-- Academy.HomePage -->
